The system is: Windows - 10.0.16299 - AMD64
Compiling the C compiler identification source file "CMakeCCompilerId.c" succeeded.
Compiler: C:/Program Files (x86)/Microsoft Visual Studio/2017/Community/VC/Tools/MSVC/14.10.25017/bin/HostX86/x86/cl.exe 
Build flags: 
Id flags:  

The output was:
0
Microsoft (R) C/C++ Optimizing Compiler Vers∆o 19.10.25019 para x86
Copyright (C) Microsoft Corporation. Todos os direitos reservados.

CMakeCCompilerId.c
Microsoft (R) Incremental Linker Version 14.10.25019.0
Copyright (C) Microsoft Corporation.  All rights reserved.

/out:CMakeCCompilerId.exe 
CMakeCCompilerId.obj 


Compilation of the C compiler identification source "CMakeCCompilerId.c" produced "CMakeCCompilerId.exe"

Compilation of the C compiler identification source "CMakeCCompilerId.c" produced "CMakeCCompilerId.obj"

The C compiler identification is MSVC, found in "C:/Users/Henrique/CLionProjects/untitled1/cmake-build-debug/CMakeFiles/3.10.3/CompilerIdC/CMakeCCompilerId.exe"

Determining if the C compiler works passed with the following output:
Change Dir: C:/Users/Henrique/CLionProjects/untitled1/cmake-build-debug/CMakeFiles/CMakeTmp

Run Build Command:"nmake" "/NOLOGO" "cmTC_3eca8\fast"
	"C:\Program Files (x86)\Microsoft Visual Studio\2017\Community\VC\Tools\MSVC\14.10.25017\bin\HostX86\x86\nmake.exe" -f CMakeFiles\cmTC_3eca8.dir\build.make /nologo -L                  CMakeFiles\cmTC_3eca8.dir\build
Building C object CMakeFiles/cmTC_3eca8.dir/testCCompiler.c.obj
	C:\PROGRA~2\MICROS~3\2017\COMMUN~1\VC\Tools\MSVC\1410~1.250\bin\HostX86\x86\cl.exe @C:\Users\Henrique\AppData\Local\Temp\nm7BD8.tmp
testCCompiler.c
Linking C executable cmTC_3eca8.exe
	"C:\Program Files\JetBrains\CLion 2018.1.2\bin\cmake\bin\cmake.exe" -E vs_link_exe --intdir=CMakeFiles\cmTC_3eca8.dir --manifests  -- C:\PROGRA~2\MICROS~3\2017\COMMUN~1\VC\Tools\MSVC\1410~1.250\bin\HostX86\x86\link.exe /nologo @CMakeFiles\cmTC_3eca8.dir\objects1.rsp @C:\Users\Henrique\AppData\Local\Temp\nm7E0B.tmp


Detecting C compiler ABI info compiled with the following output:
Change Dir: C:/Users/Henrique/CLionProjects/untitled1/cmake-build-debug/CMakeFiles/CMakeTmp

Run Build Command:"nmake" "/NOLOGO" "cmTC_6ec38\fast"
	"C:\Program Files (x86)\Microsoft Visual Studio\2017\Community\VC\Tools\MSVC\14.10.25017\bin\HostX86\x86\nmake.exe" -f CMakeFiles\cmTC_6ec38.dir\build.make /nologo -L                  CMakeFiles\cmTC_6ec38.dir\build
Building C object CMakeFiles/cmTC_6ec38.dir/CMakeCCompilerABI.c.obj
	C:\PROGRA~2\MICROS~3\2017\COMMUN~1\VC\Tools\MSVC\1410~1.250\bin\HostX86\x86\cl.exe @C:\Users\Henrique\AppData\Local\Temp\nm8250.tmp
CMakeCCompilerABI.c
Linking C executable cmTC_6ec38.exe
	"C:\Program Files\JetBrains\CLion 2018.1.2\bin\cmake\bin\cmake.exe" -E vs_link_exe --intdir=CMakeFiles\cmTC_6ec38.dir --manifests  -- C:\PROGRA~2\MICROS~3\2017\COMMUN~1\VC\Tools\MSVC\1410~1.250\bin\HostX86\x86\link.exe /nologo @CMakeFiles\cmTC_6ec38.dir\objects1.rsp @C:\Users\Henrique\AppData\Local\Temp\nm834B.tmp


